<?xml version="1.0" encoding="UTF-8"?>
<!-- Generated by org.testng.reporters.JUnitXMLReporter -->
<testsuite hostname="CHANDANB-PC" name="Default test" tests="11" failures="0" timestamp="8 Jan 2020 10:12:58 GMT" time="102.384" errors="0">
  <testcase name="checkHomePageTitle" time="0.094" classname="com.mavenAccuride.test.BuyProductByNotLoggedInUser"/>
  <testcase name="searchProductOnTheSearchbox" time="20.495" classname="com.mavenAccuride.test.BuyProductByNotLoggedInUser"/>
  <testcase name="intialProductQuantity" time="2.167" classname="com.mavenAccuride.test.BuyProductByNotLoggedInUser"/>
  <testcase name="increasingTheProductCountViaDirectField" time="2.198" classname="com.mavenAccuride.test.BuyProductByNotLoggedInUser"/>
  <testcase name="productAddToCart" time="3.121" classname="com.mavenAccuride.test.BuyProductByNotLoggedInUser"/>
  <testcase name="verifyTheCardDialogBox" time="11.065" classname="com.mavenAccuride.test.BuyProductByNotLoggedInUser"/>
  <testcase name="verifyTheProductOnShoppingPage" time="5.193" classname="com.mavenAccuride.test.BuyProductByNotLoggedInUser"/>
  <testcase name="verifyTheProceedToCartButton" time="9.155" classname="com.mavenAccuride.test.BuyProductByNotLoggedInUser"/>
  <testcase name="checkShippingPageTitle" time="8.127" classname="com.mavenAccuride.test.BuyProductByNotLoggedInUser"/>
  <testcase name="checkingUserIsNotLoggedIn" time="0.134" classname="com.mavenAccuride.test.BuyProductByNotLoggedInUser"/>
  <testcase name="validUserLogin" time="30.616" classname="com.mavenAccuride.test.BuyProductByNotLoggedInUser"/>
</testsuite> <!-- Default test -->
